<?xml version="1.0" encoding="UTF-8"?>
<testng-results skipped="0" failed="0" ignored="0" total="1" passed="1">
  <reporter-output>
  </reporter-output>
  <suite name="Default suite" duration-ms="14376" started-at="2018-04-15T12:10:54Z" finished-at="2018-04-15T12:11:08Z">
    <groups>
    </groups>
    <test name="Default test" duration-ms="14376" started-at="2018-04-15T12:10:54Z" finished-at="2018-04-15T12:11:08Z">
      <class name="com.uiauto.testscripts.LoginTest">
        <test-method status="PASS" signature="startChrome()[pri:0, instance:com.uiauto.testscripts.LoginTest@8bd1b6a]" name="startChrome" is-config="true" duration-ms="5523" started-at="2018-04-15T20:10:54Z" finished-at="2018-04-15T20:10:59Z">
          <reporter-output>
          </reporter-output>
        </test-method> <!-- startChrome -->
        <test-method status="PASS" signature="loginTest()[pri:0, instance:com.uiauto.testscripts.LoginTest@8bd1b6a]" name="loginTest" duration-ms="8773" started-at="2018-04-15T20:10:59Z" finished-at="2018-04-15T20:11:08Z">
          <reporter-output>
          </reporter-output>
        </test-method> <!-- loginTest -->
        <test-method status="PASS" signature="close()[pri:0, instance:com.uiauto.testscripts.LoginTest@8bd1b6a]" name="close" is-config="true" duration-ms="62" started-at="2018-04-15T20:11:08Z" finished-at="2018-04-15T20:11:08Z">
          <reporter-output>
          </reporter-output>
        </test-method> <!-- close -->
      </class> <!-- com.uiauto.testscripts.LoginTest -->
    </test> <!-- Default test -->
  </suite> <!-- Default suite -->
</testng-results>
